2023-03-01 14:45:58:984  [TID 10484   ][INFO      ] Default Logger initialized [dmvcframework]
2023-03-01 14:45:58:996  [TID 10484   ][INFO      ] ENTER: Config default values [dmvcframework]
2023-03-01 14:45:58:996  [TID 10484   ][INFO      ] EXIT: Config default values [dmvcframework]
2023-03-01 14:45:58:996  [TID 10484   ][INFO      ] >> Custom configuration method [dmvcframework]
2023-03-01 14:45:58:996  [TID 10484   ][INFO      ] << Custom configuration method [dmvcframework]
2023-03-01 14:45:58:996  [TID 10484   ][INFO      ] ENTER: LoadSystemControllers [dmvcframework]
2023-03-01 14:45:58:996  [TID 10484   ][INFO      ] EXIT: LoadSystemControllers [dmvcframework]
2023-03-01 14:46:01:686  [TID 10484   ][INFO      ] POST:/api/dogs/rate/QBvGwfKLW [127.0.0.1] -> Dog.Controller.TDogs.RateDog - 200 OK [dmvcframework]
2023-03-01 14:46:05:489  [TID 10484   ][INFO      ] POST:/api/dogs/ [127.0.0.1] -> {NOT FOUND} - 404 Not Found [dmvcframework]
2023-03-01 14:46:07:919  [TID 10484   ][ERROR     ] [EMVCException] Not Found [PathInfo "POST /api/dogs/"] (Custom message: "POST /api/dogs/") [dmvcframework]
2023-03-01 14:46:10:745  [TID 19144   ][INFO      ] POST:/api/dogs [127.0.0.1] -> {NOT FOUND} - 404 Not Found [dmvcframework]
2023-03-01 14:46:12:385  [TID 19144   ][ERROR     ] [EMVCException] Not Found [PathInfo "POST /api/dogs"] (Custom message: "POST /api/dogs") [dmvcframework]
2023-03-01 14:46:18:313  [TID 5284    ][INFO      ] POST:/api [127.0.0.1] -> {NOT FOUND} - 404 Not Found [dmvcframework]
2023-03-01 14:46:21:035  [TID 5284    ][ERROR     ] [EMVCException] Not Found [PathInfo "POST /api"] (Custom message: "POST /api") [dmvcframework]
2023-03-01 14:47:12:684  [TID 35088   ][INFO      ] Default Logger initialized [dmvcframework]
2023-03-01 14:47:12:684  [TID 35088   ][INFO      ] ENTER: Config default values [dmvcframework]
2023-03-01 14:47:12:684  [TID 35088   ][INFO      ] EXIT: Config default values [dmvcframework]
2023-03-01 14:47:12:684  [TID 35088   ][INFO      ] >> Custom configuration method [dmvcframework]
2023-03-01 14:47:12:684  [TID 35088   ][INFO      ] << Custom configuration method [dmvcframework]
2023-03-01 14:47:12:684  [TID 35088   ][INFO      ] ENTER: LoadSystemControllers [dmvcframework]
2023-03-01 14:47:12:684  [TID 35088   ][INFO      ] EXIT: LoadSystemControllers [dmvcframework]
2023-03-01 14:47:12:699  [TID 35088   ][INFO      ] POST:/api/dogs [127.0.0.1] -> {NOT FOUND} - 404 Not Found [dmvcframework]
2023-03-01 14:47:19:512  [TID 35088   ][ERROR     ] [EMVCException] Not Found [PathInfo "POST /api/dogs"] (Custom message: "POST /api/dogs") [dmvcframework]
2023-03-01 14:48:40:022  [TID 34724   ][INFO      ] Default Logger initialized [dmvcframework]
2023-03-01 14:48:40:022  [TID 34724   ][INFO      ] ENTER: Config default values [dmvcframework]
2023-03-01 14:48:40:022  [TID 34724   ][INFO      ] EXIT: Config default values [dmvcframework]
2023-03-01 14:48:40:022  [TID 34724   ][INFO      ] >> Custom configuration method [dmvcframework]
2023-03-01 14:48:40:022  [TID 34724   ][INFO      ] << Custom configuration method [dmvcframework]
2023-03-01 14:48:40:022  [TID 34724   ][INFO      ] ENTER: LoadSystemControllers [dmvcframework]
2023-03-01 14:48:40:022  [TID 34724   ][INFO      ] EXIT: LoadSystemControllers [dmvcframework]
2023-03-01 14:49:56:264  [TID 6584    ][INFO      ] Default Logger initialized [dmvcframework]
2023-03-01 14:49:56:264  [TID 6584    ][INFO      ] ENTER: Config default values [dmvcframework]
2023-03-01 14:49:56:264  [TID 6584    ][INFO      ] EXIT: Config default values [dmvcframework]
2023-03-01 14:49:56:264  [TID 6584    ][INFO      ] >> Custom configuration method [dmvcframework]
2023-03-01 14:49:56:264  [TID 6584    ][INFO      ] << Custom configuration method [dmvcframework]
2023-03-01 14:49:56:264  [TID 6584    ][INFO      ] ENTER: LoadSystemControllers [dmvcframework]
2023-03-01 14:49:56:264  [TID 6584    ][INFO      ] EXIT: LoadSystemControllers [dmvcframework]
2023-03-01 14:49:56:264  [TID 6584    ][INFO      ] POST:/api/dogs [127.0.0.1] -> {NOT FOUND} - 404 Not Found [dmvcframework]
2023-03-01 14:49:56:264  [TID 6584    ][ERROR     ] [EMVCException] Not Found [PathInfo "POST /api/dogs"] (Custom message: "POST /api/dogs") [dmvcframework]
2023-03-01 14:49:57:306  [TID 30712   ][INFO      ] POST:/api/dogs [127.0.0.1] -> {NOT FOUND} - 404 Not Found [dmvcframework]
2023-03-01 14:49:57:306  [TID 30712   ][ERROR     ] [EMVCException] Not Found [PathInfo "POST /api/dogs"] (Custom message: "POST /api/dogs") [dmvcframework]
2023-03-01 14:49:57:958  [TID 28576   ][INFO      ] POST:/api/dogs [127.0.0.1] -> {NOT FOUND} - 404 Not Found [dmvcframework]
2023-03-01 14:49:57:958  [TID 28576   ][ERROR     ] [EMVCException] Not Found [PathInfo "POST /api/dogs"] (Custom message: "POST /api/dogs") [dmvcframework]
2023-03-01 14:49:58:118  [TID 15828   ][INFO      ] POST:/api/dogs [127.0.0.1] -> {NOT FOUND} - 404 Not Found [dmvcframework]
2023-03-01 14:49:58:118  [TID 15828   ][ERROR     ] [EMVCException] Not Found [PathInfo "POST /api/dogs"] (Custom message: "POST /api/dogs") [dmvcframework]
2023-03-01 14:50:55:288  [TID 22476   ][INFO      ] Default Logger initialized [dmvcframework]
2023-03-01 14:50:55:304  [TID 22476   ][INFO      ] ENTER: Config default values [dmvcframework]
2023-03-01 14:50:55:304  [TID 22476   ][INFO      ] EXIT: Config default values [dmvcframework]
2023-03-01 14:50:55:304  [TID 22476   ][INFO      ] >> Custom configuration method [dmvcframework]
2023-03-01 14:50:55:304  [TID 22476   ][INFO      ] << Custom configuration method [dmvcframework]
2023-03-01 14:50:55:304  [TID 22476   ][INFO      ] ENTER: LoadSystemControllers [dmvcframework]
2023-03-01 14:50:55:304  [TID 22476   ][INFO      ] EXIT: LoadSystemControllers [dmvcframework]
2023-03-01 14:50:55:320  [TID 22476   ][INFO      ] POST:/api/dogs [127.0.0.1] -> {NOT FOUND} - 404 Not Found [dmvcframework]
2023-03-01 14:50:56:913  [TID 22476   ][ERROR     ] [EMVCException] Not Found [PathInfo "POST /api/dogs"] (Custom message: "POST /api/dogs") [dmvcframework]
